<?xml version="1.0" encoding="UTF-8" ?>
<testsuite errors="0" failures="1" hostname="LAPTOP-RCG8HKJT" name="junit.CalculatorTest" skipped="0" tests="4" time="0.088" timestamp="2017-08-16T03:04:41">
  <properties>
[...]
</properties>
  <testcase classname="junit.CalculatorTest" name="testAdd" time="0.002" />
  <testcase classname="junit.CalculatorTest" name="testSubstract" time="0.004">
    <failure message="expected:&lt;8&gt; but was:&lt;9&gt;" type="junit.framework.AssertionFailedError">junit.framework.AssertionFailedError: expected:&lt;8&gt; but was:&lt;9&gt;
	at junit.CalculatorTest.testSubstract(CalculatorTest.java:29)
</failure>
  </testcase>
  <testcase classname="junit.CalculatorTest" name="testDivide" time="0.0" />
  <testcase classname="junit.CalculatorTest" name="testMultiply" time="0.0" />
  <system-out><![CDATA[]]></system-out>
  <system-err><![CDATA[]]></system-err>
</testsuite>
